\BOOKMARK [1][-]{section.1}{Introduction}{}% 1
\BOOKMARK [1][-]{section.2}{Objectives}{}% 2
\BOOKMARK [1][-]{section.3}{Mechanical design}{}% 3
\BOOKMARK [1][-]{section.4}{Sensing}{}% 4
\BOOKMARK [2][-]{subsection.4.1}{Position-sensing}{section.4}% 5
\BOOKMARK [3][-]{subsubsection.4.1.1}{Horizontal movement}{subsection.4.1}% 6
\BOOKMARK [3][-]{subsubsection.4.1.2}{Vertical movement}{subsection.4.1}% 7
\BOOKMARK [3][-]{subsubsection.4.1.3}{Gripper}{subsection.4.1}% 8
\BOOKMARK [2][-]{subsection.4.2}{Colour-sensing}{section.4}% 9
\BOOKMARK [1][-]{section.5}{Kinematics}{}% 10
\BOOKMARK [2][-]{subsection.5.1}{Motion representation}{section.5}% 11
\BOOKMARK [2][-]{subsection.5.2}{Reference frame}{section.5}% 12
\BOOKMARK [2][-]{subsection.5.3}{Direct and inverse kinematics}{section.5}% 13
\BOOKMARK [1][-]{section.6}{Software structure}{}% 14
\BOOKMARK [2][-]{subsection.6.1}{Blackboard}{section.6}% 15
\BOOKMARK [2][-]{subsection.6.2}{Steering}{section.6}% 16
\BOOKMARK [1][-]{section.7}{Planning}{}% 17
\BOOKMARK [2][-]{subsection.7.1}{Design process}{section.7}% 18
\BOOKMARK [2][-]{subsection.7.2}{Heuristic method}{section.7}% 19
\BOOKMARK [2][-]{subsection.7.3}{Example}{section.7}% 20
\BOOKMARK [2][-]{subsection.7.4}{Footnotes}{section.7}% 21
\BOOKMARK [1][-]{section.8}{Conclusion}{}% 22
\BOOKMARK [1][-]{section.9}{Work distribution}{}% 23
\BOOKMARK [1][-]{section.10}{Movie}{}% 24
